<?xml version="1.0" encoding="UTF-8"?>
<!-- Generated by org.testng.reporters.JUnitReportReporter -->
<testsuite hostname="likith" failures="0" tests="1" name="responsevalidation.VerifyHeader" time="1.250" errors="0" timestamp="2024-07-12T12:31:46 IST" skipped="0">
  <testcase classname="responsevalidation.VerifyHeader" name="Verifyresponsetimetest" time="1.250"/>
</testsuite> <!-- responsevalidation.VerifyHeader -->
