<?xml version="1.0" encoding="UTF-8"?>
<!-- Generated by org.testng.reporters.JUnitReportReporter -->
<testsuite hostname="likith" failures="0" tests="1" name="authtest.BasicAuthTest" time="1.930" errors="0" timestamp="2024-07-15T10:09:04 IST" skipped="0">
  <testcase classname="authtest.BasicAuthTest" name="sampleTest" time="1.930"/>
</testsuite> <!-- authtest.BasicAuthTest -->
