<?xml version="1.0" encoding="UTF-8"?>
<!-- Generated by org.testng.reporters.JUnitReportReporter -->
<testsuite hostname="likith" failures="0" tests="1" name="authtest.Outh2Test" time="2.169" errors="0" timestamp="2024-07-15T11:31:43 IST" skipped="0">
  <testcase classname="authtest.Outh2Test" name="sampleTest" time="2.169"/>
</testsuite> <!-- authtest.Outh2Test -->
