<?xml version="1.0" encoding="UTF-8"?>
<!-- Generated by org.testng.reporters.JUnitReportReporter -->
<testsuite hostname="likith" failures="0" tests="1" name="parameters.Param" time="1.346" errors="0" timestamp="2024-07-13T17:02:46 IST" skipped="0">
  <testcase classname="parameters.Param" name="sampleTest" time="1.346"/>
</testsuite> <!-- parameters.Param -->
