<?xml version="1.0" encoding="UTF-8"?>
<!-- Generated by org.testng.reporters.JUnitReportReporter -->
<testsuite hostname="likith" failures="0" tests="1" name="com.sample.crud.withbdd.SampleTestforReadTest" time="1.588" errors="0" timestamp="2024-07-10T15:07:17 IST" skipped="0">
  <testcase classname="com.sample.crud.withbdd.SampleTestforReadTest" name="DeleteDatafromServer" time="1.588"/>
</testsuite> <!-- com.sample.crud.withbdd.SampleTestforReadTest -->
