<?xml version="1.0" encoding="UTF-8"?>
<!-- Generated by org.testng.reporters.JUnitReportReporter -->
<testsuite hostname="likith" failures="0" tests="1" name="authtest.BearerTokenAuthTest" time="1.230" errors="0" timestamp="2024-07-15T11:02:32 IST" skipped="0">
  <testcase classname="authtest.BearerTokenAuthTest" name="sampleTest" time="1.230"/>
</testsuite> <!-- authtest.BearerTokenAuthTest -->
