<?xml version="1.0" encoding="UTF-8"?>
<!-- Generated by org.testng.reporters.JUnitReportReporter -->
<testsuite hostname="likith" failures="0" tests="1" name="responsevalidation.Verifyresponse" time="1.847" errors="0" timestamp="2024-07-12T18:00:15 IST" skipped="0">
  <testcase classname="responsevalidation.Verifyresponse" name="verifyresponseonbodytest" time="1.847"/>
</testsuite> <!-- responsevalidation.Verifyresponse -->
