<?xml version="1.0" encoding="UTF-8"?>
<!-- Generated by org.testng.reporters.JUnitReportReporter -->
<testsuite hostname="likith" failures="0" tests="9" name="ddt.Adddatafromexcel" time="1.864" errors="0" timestamp="2024-07-15T15:25:11 IST" skipped="0">
  <testcase classname="ddt.Adddatafromexcel" name="sampleTest" time="0.089"/>
  <testcase classname="ddt.Adddatafromexcel" name="sampleTest" time="0.071"/>
  <testcase classname="ddt.Adddatafromexcel" name="sampleTest" time="0.071"/>
  <testcase classname="ddt.Adddatafromexcel" name="sampleTest" time="0.076"/>
  <testcase classname="ddt.Adddatafromexcel" name="sampleTest" time="0.066"/>
  <testcase classname="ddt.Adddatafromexcel" name="sampleTest" time="0.092"/>
  <testcase classname="ddt.Adddatafromexcel" name="sampleTest" time="0.082"/>
  <testcase classname="ddt.Adddatafromexcel" name="sampleTest" time="0.075"/>
  <testcase classname="ddt.Adddatafromexcel" name="sampleTest" time="1.242"/>
</testsuite> <!-- ddt.Adddatafromexcel -->
