<?xml version="1.0" encoding="UTF-8"?>
<!-- Generated by org.testng.reporters.JUnitReportReporter -->
<testsuite hostname="likith" failures="0" tests="1" name="requestchaining.Scenario_3_getpayrollinfo" time="1.989" errors="0" timestamp="2024-07-13T15:07:20 IST" skipped="0">
  <testcase classname="requestchaining.Scenario_3_getpayrollinfo" name="sampleTest" time="1.989"/>
</testsuite> <!-- requestchaining.Scenario_3_getpayrollinfo -->
