<?xml version="1.0" encoding="UTF-8"?>
<!-- Generated by org.testng.reporters.JUnitReportReporter -->
<testsuite hostname="likith" failures="0" tests="1" name="parameters.FormParam" time="1.270" errors="0" timestamp="2024-07-13T16:58:28 IST" skipped="0">
  <testcase classname="parameters.FormParam" name="sampleTest" time="1.270"/>
</testsuite> <!-- parameters.FormParam -->
