<?xml version="1.0" encoding="UTF-8"?>
<!-- Generated by org.testng.reporters.JUnitReportReporter -->
<testsuite hostname="likith" failures="0" tests="1" name="pratice.SampleTest" time="1.377" errors="0" timestamp="2024-07-09T10:59:40 IST" skipped="0">
  <testcase classname="pratice.SampleTest" name="SampleGetReq" time="1.377"/>
</testsuite> <!-- pratice.SampleTest -->
