<?xml version="1.0" encoding="UTF-8"?>
<!-- Generated by org.testng.reporters.JUnitReportReporter -->
<testsuite hostname="likith" failures="0" tests="1" name="requestchaining.Scenario_2_AddemployeetoProject" time="2.182" errors="0" timestamp="2024-07-13T12:52:20 IST" skipped="0">
  <testcase classname="requestchaining.Scenario_2_AddemployeetoProject" name="sampleTest" time="2.182"/>
</testsuite> <!-- requestchaining.Scenario_2_AddemployeetoProject -->
