<?xml version="1.0" encoding="UTF-8"?>
<!-- Generated by org.testng.reporters.JUnitReportReporter -->
<testsuite hostname="likith" failures="0" tests="3" name="ddt.AddMultipleProjectTest" time="1.308" errors="0" timestamp="2024-07-15T13:19:13 IST" skipped="0">
  <testcase classname="ddt.AddMultipleProjectTest" name="sampleTest" time="0.077"/>
  <testcase classname="ddt.AddMultipleProjectTest" name="sampleTest" time="1.151"/>
  <testcase classname="ddt.AddMultipleProjectTest" name="sampleTest" time="0.080"/>
</testsuite> <!-- ddt.AddMultipleProjectTest -->
