<?xml version="1.0" encoding="UTF-8"?>
<!-- Generated by org.testng.reporters.JUnitReportReporter -->
<testsuite hostname="likith" failures="0" tests="1" name="responsevalidation.VerifyDatacomplexJsonpath" time="1.716" errors="0" timestamp="2024-07-13T09:45:31 IST" skipped="0">
  <testcase classname="responsevalidation.VerifyDatacomplexJsonpath" name="Sampletest" time="1.716"/>
</testsuite> <!-- responsevalidation.VerifyDatacomplexJsonpath -->
