<?xml version="1.0" encoding="UTF-8"?>
<!-- Generated by org.testng.reporters.JUnitReportReporter -->
<testsuite hostname="likith" failures="0" tests="1" name="requestchaining.Scenario_1_DeleteProject" time="2.057" errors="0" timestamp="2024-07-13T11:52:59 IST" skipped="0">
  <testcase classname="requestchaining.Scenario_1_DeleteProject" name="postDataToServer" time="2.057"/>
</testsuite> <!-- requestchaining.Scenario_1_DeleteProject -->
