<?xml version="1.0" encoding="UTF-8"?>
<!-- Generated by org.testng.reporters.JUnitReportReporter -->
<testsuite hostname="likith" failures="0" tests="1" name="pratice.SampleMethodchainingTest" time="1.505" errors="0" timestamp="2024-07-09T16:22:22 IST" skipped="0">
  <testcase classname="pratice.SampleMethodchainingTest" name="getRequestTest" time="1.505"/>
</testsuite> <!-- pratice.SampleMethodchainingTest -->
