<?xml version="1.0" encoding="UTF-8"?>
<!-- Generated by org.testng.reporters.JUnitReportReporter -->
<testsuite hostname="likith" failures="0" tests="1" name="com.sample.crud.withoutbdd.SampleTestforReadTest" time="1.313" errors="0" timestamp="2024-07-10T12:46:47 IST" skipped="0">
  <testcase classname="com.sample.crud.withoutbdd.SampleTestforReadTest" name="deleteDatafromServer" time="1.313"/>
</testsuite> <!-- com.sample.crud.withoutbdd.SampleTestforReadTest -->
