<?xml version="1.0" encoding="UTF-8"?>
<!-- Generated by org.testng.reporters.JUnitReportReporter -->
<testsuite hostname="likith" failures="0" tests="1" name="parameters.QueryparamTest" time="1.317" errors="0" timestamp="2024-07-13T16:53:03 IST" skipped="0">
  <testcase classname="parameters.QueryparamTest" name="sampleTest" time="1.317"/>
</testsuite> <!-- parameters.QueryparamTest -->
